<?xml version="1.0" encoding="UTF-8"?>
<!-- Generated by org.testng.reporters.JUnitXMLReporter -->
<testsuite hostname="SUMSHETT-8446Q" ignored="0" name="Base_Package" tests="4" failures="0" timestamp="31 Jan 2020 06:42:41 GMT" time="0.122" errors="0">
  <testcase name="Login" time="0.021" classname="Base_Package.Result11"/>
  <testcase name="MyRLoginResult" time="0.003" classname="Base_Package.Result11"/>
  <testcase name="MyResult1" time="0.003" classname="Base_Package.Test11"/>
  <testcase name="Mytest" time="0.015" classname="Base_Package.Test11"/>
</testsuite> <!-- Base_Package -->
