<?xml version="1.0" encoding="UTF-8"?>
<!-- Generated by org.testng.reporters.JUnitXMLReporter -->
<testsuite hostname="SUMSHETT-8446Q" ignored="0" name="Default test" tests="4" failures="0" timestamp="31 Jan 2020 06:40:38 GMT" time="0.118" errors="0">
  <testcase name="Login" time="0.025" classname="Base_Package.Result11"/>
  <testcase name="MyRLoginResult" time="0.009" classname="Base_Package.Result11"/>
  <testcase name="MyResult1" time="0.003" classname="Base_Package.Test11"/>
  <testcase name="Mytest" time="0.003" classname="Base_Package.Test11"/>
</testsuite> <!-- Default test -->
