<?xml version="1.0" encoding="UTF-8"?>
<!-- Generated by org.testng.reporters.JUnitXMLReporter -->
<testsuite hostname="SUMSHETT-8446Q" ignored="0" name="Test" tests="4" failures="0" timestamp="2020-01-31T12:43:16 IST" time="0.07" errors="0">
  <testcase name="MyResult1" time="0.007" classname="Base_Package.Test11"/>
  <testcase name="Mytest" time="0.001" classname="Base_Package.Test11"/>
  <testcase name="Login" time="0.0" classname="Base_Package.Result11"/>
  <testcase name="MyRLoginResult" time="0.0" classname="Base_Package.Result11"/>
</testsuite> <!-- Test -->
