<?xml version="1.0" encoding="UTF-8"?>
<testng-results skipped="0" failed="0" ignored="0" total="4" passed="4">
  <reporter-output>
  </reporter-output>
  <suite name="Suite" duration-ms="70" started-at="2020-01-31T12:43:16 IST" finished-at="2020-01-31T12:43:16 IST">
    <groups>
    </groups>
    <test name="Test" duration-ms="70" started-at="2020-01-31T12:43:16 IST" finished-at="2020-01-31T12:43:16 IST">
      <class name="Base_Package.Result11">
        <test-method status="PASS" signature="Login()[pri:0, instance:Base_Package.Result11@66480dd7]" name="Login" duration-ms="0" started-at="2020-01-31T12:43:16 IST" finished-at="2020-01-31T12:43:16 IST">
          <reporter-output>
          </reporter-output>
        </test-method> <!-- Login -->
        <test-method status="PASS" signature="MyRLoginResult()[pri:0, instance:Base_Package.Result11@66480dd7]" name="MyRLoginResult" duration-ms="0" started-at="2020-01-31T12:43:16 IST" finished-at="2020-01-31T12:43:16 IST">
          <reporter-output>
          </reporter-output>
        </test-method> <!-- MyRLoginResult -->
      </class> <!-- Base_Package.Result11 -->
      <class name="Base_Package.Test11">
        <test-method status="PASS" signature="MyResult1()[pri:0, instance:Base_Package.Test11@4e1d422d]" name="MyResult1" duration-ms="7" started-at="2020-01-31T12:43:16 IST" finished-at="2020-01-31T12:43:16 IST">
          <reporter-output>
          </reporter-output>
        </test-method> <!-- MyResult1 -->
        <test-method status="PASS" signature="Mytest()[pri:0, instance:Base_Package.Test11@4e1d422d]" name="Mytest" duration-ms="1" started-at="2020-01-31T12:43:16 IST" finished-at="2020-01-31T12:43:16 IST">
          <reporter-output>
          </reporter-output>
        </test-method> <!-- Mytest -->
      </class> <!-- Base_Package.Test11 -->
    </test> <!-- Test -->
  </suite> <!-- Suite -->
</testng-results>
