<?xml version="1.0" encoding="UTF-8"?>
<testng-results skipped="0" failed="0" ignored="0" total="4" passed="4">
  <reporter-output>
  </reporter-output>
  <suite name="Application_Maven by packages" duration-ms="122" started-at="2020-01-31T06:42:41Z" finished-at="2020-01-31T06:42:41Z">
    <groups>
    </groups>
    <test name="Base_Package" duration-ms="122" started-at="2020-01-31T06:42:41Z" finished-at="2020-01-31T06:42:41Z">
      <class name="Base_Package.Result11">
        <test-method status="PASS" signature="Login()[pri:0, instance:Base_Package.Result11@14bf9759]" name="Login" duration-ms="21" started-at="2020-01-31T06:42:41Z" finished-at="2020-01-31T06:42:41Z">
          <reporter-output>
          </reporter-output>
        </test-method> <!-- Login -->
        <test-method status="PASS" signature="MyRLoginResult()[pri:0, instance:Base_Package.Result11@14bf9759]" name="MyRLoginResult" duration-ms="3" started-at="2020-01-31T06:42:41Z" finished-at="2020-01-31T06:42:41Z">
          <reporter-output>
          </reporter-output>
        </test-method> <!-- MyRLoginResult -->
      </class> <!-- Base_Package.Result11 -->
      <class name="Base_Package.Test11">
        <test-method status="PASS" signature="MyResult1()[pri:0, instance:Base_Package.Test11@5f341870]" name="MyResult1" duration-ms="3" started-at="2020-01-31T06:42:41Z" finished-at="2020-01-31T06:42:41Z">
          <reporter-output>
          </reporter-output>
        </test-method> <!-- MyResult1 -->
        <test-method status="PASS" signature="Mytest()[pri:0, instance:Base_Package.Test11@5f341870]" name="Mytest" duration-ms="15" started-at="2020-01-31T06:42:41Z" finished-at="2020-01-31T06:42:41Z">
          <reporter-output>
          </reporter-output>
        </test-method> <!-- Mytest -->
      </class> <!-- Base_Package.Test11 -->
    </test> <!-- Base_Package -->
  </suite> <!-- Application_Maven by packages -->
</testng-results>
